<!DOCTYPE html PUBLIC "-//W3C//DTD XHTML 1.1//EN" "https://www.w3.org/TR/xhtml11/DTD/xhtml11.dtd">
<html xmlns="https://www.w3.org/1999/xhtml">
<head>
<meta http-equiv="content-type" content="text/html; charset=UTF-8"/>
<title>TestNG Report</title>
<style type="text/css">table {margin-bottom:10px;border-collapse:collapse;empty-cells:show}th,td {border:1px solid #009;padding:.25em .5em}th {vertical-align:bottom}td {vertical-align:top}table a {font-weight:bold}.stripe td {background-color: #E6EBF9}.num {text-align:right}.passedodd td {background-color: #3F3}.passedeven td {background-color: #0A0}.skippedodd td {background-color: #DDD}.skippedeven td {background-color: #CCC}.failedodd td,.attn {background-color: #F33}.failedeven td,.stripe .attn {background-color: #D00}.stacktrace {white-space:pre;font-family:monospace}.totop {font-size:85%;text-align:center;border-bottom:2px solid #000}.invisible {display:none}</style>
</head>
<body>
<table>
<tr><th>Test</th><th># Passed</th><th># Skipped</th><th># Retried</th><th># Failed</th><th>Time (ms)</th><th>Included Groups</th><th>Excluded Groups</th></tr>
<tr><th colspan="8">GePS-HOPES_YEA PR - Invoice Functional Test Suite</th></tr>
<tr><td><a href="#t0">PS Catalog Test Context</a></td><td class="num">3</td><td class="num">0</td><td class="num">0</td><td class="num">0</td><td class="num">71,966</td><td></td><td></td></tr>
<tr class="stripe"><td><a href="#t1">PS Non-Catalog Test Context</a></td><td class="num">3</td><td class="num">0</td><td class="num">0</td><td class="num">0</td><td class="num">40,220</td><td></td><td></td></tr>
<tr><td><a href="#t2">Sales Catalog Test Context</a></td><td class="num">0</td><td class="num">0</td><td class="num">0</td><td class="num attn">3</td><td class="num">3,381</td><td></td><td></td></tr>
<tr class="stripe"><td><a href="#t3">Sales Non-Catalog Test Context</a></td><td class="num">0</td><td class="num">0</td><td class="num">0</td><td class="num attn">3</td><td class="num">317</td><td></td><td></td></tr>
<tr><th>Total</th><th class="num">6</th><th class="num">0</th><th class="num">0</th><th class="num attn">6</th><th class="num">115,884</th><th colspan="2"></th></tr>
</table>
<table id='summary'><thead><tr><th>Class</th><th>Method</th><th>Start</th><th>Time (ms)</th></tr></thead><tbody><tr><th colspan="4">GePS-HOPES_YEA PR - Invoice Functional Test Suite</th></tr></tbody><tbody id="t0"><tr><th colspan="4">PS Catalog Test Context &#8212; passed</th></tr><tr class="passedeven"><td rowspan="3">com.source.context.CatalogTestContext</td><td><a href="#m0">createRequisition</a></td><td rowspan="1">1740140946292</td><td rowspan="1">18904</td></tr><tr class="passedeven"><td><a href="#m1">editRequisition</a></td><td rowspan="1">1740140965218</td><td rowspan="1">6585</td></tr><tr class="passedeven"><td><a href="#m2">requisitionSendForApproval</a></td><td rowspan="1">1740140971803</td><td rowspan="1">33243</td></tr></tbody>
<tbody id="t1"><tr><th colspan="4">PS Non-Catalog Test Context &#8212; passed</th></tr><tr class="passedeven"><td rowspan="3">com.source.context.NonCatalogTestContext</td><td><a href="#m3">createRequisition</a></td><td rowspan="1">1740141007749</td><td rowspan="1">14187</td></tr><tr class="passedeven"><td><a href="#m4">editRequisition</a></td><td rowspan="1">1740141021938</td><td rowspan="1">7136</td></tr><tr class="passedeven"><td><a href="#m5">requisitionSendForApproval</a></td><td rowspan="1">1740141029076</td><td rowspan="1">9837</td></tr></tbody>
<tbody id="t2"><tr><th colspan="4">Sales Catalog Test Context &#8212; failed</th></tr><tr class="failedeven"><td rowspan="3">com.source.context.CatalogTestContext</td><td><a href="#m6">createRequisition</a></td><td rowspan="1">1740141047895</td><td rowspan="1">579</td></tr><tr class="failedeven"><td><a href="#m7">editRequisition</a></td><td rowspan="1">1740141048483</td><td rowspan="1">5</td></tr><tr class="failedeven"><td><a href="#m8">requisitionSendForApproval</a></td><td rowspan="1">1740141048493</td><td rowspan="1">6</td></tr></tbody>
<tbody id="t3"><tr><th colspan="4">Sales Non-Catalog Test Context &#8212; failed</th></tr><tr class="failedeven"><td rowspan="3">com.source.context.NonCatalogTestContext</td><td><a href="#m9">createRequisition</a></td><td rowspan="1">1740141049308</td><td rowspan="1">28</td></tr><tr class="failedeven"><td><a href="#m10">editRequisition</a></td><td rowspan="1">1740141049338</td><td rowspan="1">2</td></tr><tr class="failedeven"><td><a href="#m11">requisitionSendForApproval</a></td><td rowspan="1">1740141049340</td><td rowspan="1">5</td></tr></tbody>
</table>
<h2>PS Catalog Test Context</h2><h3 id="m0">com.source.context.CatalogTestContext#createRequisition</h3><table class="result"><tr class="param"><th>Parameter #1</th><th>Parameter #2</th></tr><tr class="param stripe"><td>PS</td><td>Catalog</td></tr></table><p class="totop"><a href="#summary">back to summary</a></p>
<h3 id="m1">com.source.context.CatalogTestContext#editRequisition</h3><table class="result"><tr class="param"><th>Parameter #1</th><th>Parameter #2</th></tr><tr class="param stripe"><td>PS</td><td>Catalog</td></tr></table><p class="totop"><a href="#summary">back to summary</a></p>
<h3 id="m2">com.source.context.CatalogTestContext#requisitionSendForApproval</h3><table class="result"><tr class="param"><th>Parameter #1</th><th>Parameter #2</th></tr><tr class="param stripe"><td>PS</td><td>Catalog</td></tr></table><p class="totop"><a href="#summary">back to summary</a></p>
<h2>PS Non-Catalog Test Context</h2><h3 id="m3">com.source.context.NonCatalogTestContext#createRequisition</h3><table class="result"><tr class="param"><th>Parameter #1</th><th>Parameter #2</th></tr><tr class="param stripe"><td>PS</td><td>NonCatalog</td></tr></table><p class="totop"><a href="#summary">back to summary</a></p>
<h3 id="m4">com.source.context.NonCatalogTestContext#editRequisition</h3><table class="result"><tr class="param"><th>Parameter #1</th><th>Parameter #2</th></tr><tr class="param stripe"><td>PS</td><td>NonCatalog</td></tr></table><p class="totop"><a href="#summary">back to summary</a></p>
<h3 id="m5">com.source.context.NonCatalogTestContext#requisitionSendForApproval</h3><table class="result"><tr class="param"><th>Parameter #1</th><th>Parameter #2</th></tr><tr class="param stripe"><td>PS</td><td>NonCatalog</td></tr></table><p class="totop"><a href="#summary">back to summary</a></p>
<h2>Sales Catalog Test Context</h2><h3 id="m6">com.source.context.CatalogTestContext#createRequisition</h3><table class="result"><tr class="param"><th>Parameter #1</th><th>Parameter #2</th></tr><tr class="param stripe"><td>Sales</td><td>Catalog</td></tr><tr><th colspan="2">Exception</th></tr><tr><td colspan="2"><div class="stacktrace">java.lang.AssertionError: API call was not successful; Status Code: 0 expected [0] but found [200]
	at com.source.context.CatalogTestContext.createRequisition(CatalogTestContext.java:15)
	at java.base/java.util.ArrayList.forEach(ArrayList.java:1597)
	at com.intellij.rt.testng.IDEARemoteTestNG.run(IDEARemoteTestNG.java:65)
	at com.intellij.rt.testng.RemoteTestNGStarter.main(RemoteTestNGStarter.java:105)
... Removed 28 stack frames</div></td></tr></table><p class="totop"><a href="#summary">back to summary</a></p>
<h3 id="m7">com.source.context.CatalogTestContext#editRequisition</h3><table class="result"><tr class="param"><th>Parameter #1</th><th>Parameter #2</th></tr><tr class="param stripe"><td>Sales</td><td>Catalog</td></tr><tr><th colspan="2">Exception</th></tr><tr><td colspan="2"><div class="stacktrace">java.lang.AssertionError: API call was not successful; Status Code: 0 expected [0] but found [200]
	at com.source.context.CatalogTestContext.editRequisition(CatalogTestContext.java:28)
	at java.base/java.util.ArrayList.forEach(ArrayList.java:1597)
	at com.intellij.rt.testng.IDEARemoteTestNG.run(IDEARemoteTestNG.java:65)
	at com.intellij.rt.testng.RemoteTestNGStarter.main(RemoteTestNGStarter.java:105)
... Removed 28 stack frames</div></td></tr></table><p class="totop"><a href="#summary">back to summary</a></p>
<h3 id="m8">com.source.context.CatalogTestContext#requisitionSendForApproval</h3><table class="result"><tr class="param"><th>Parameter #1</th><th>Parameter #2</th></tr><tr class="param stripe"><td>Sales</td><td>Catalog</td></tr><tr><th colspan="2">Exception</th></tr><tr><td colspan="2"><div class="stacktrace">java.lang.AssertionError: API call was not successful; Status Code: 0 expected [0] but found [200]
	at com.source.context.CatalogTestContext.requisitionSendForApproval(CatalogTestContext.java:41)
	at java.base/java.util.ArrayList.forEach(ArrayList.java:1597)
	at com.intellij.rt.testng.IDEARemoteTestNG.run(IDEARemoteTestNG.java:65)
	at com.intellij.rt.testng.RemoteTestNGStarter.main(RemoteTestNGStarter.java:105)
... Removed 28 stack frames</div></td></tr></table><p class="totop"><a href="#summary">back to summary</a></p>
<h2>Sales Non-Catalog Test Context</h2><h3 id="m9">com.source.context.NonCatalogTestContext#createRequisition</h3><table class="result"><tr class="param"><th>Parameter #1</th><th>Parameter #2</th></tr><tr class="param stripe"><td>Sales</td><td>NonCatalog</td></tr><tr><th colspan="2">Exception</th></tr><tr><td colspan="2"><div class="stacktrace">java.lang.AssertionError: API call was not successful; Status Code: 0 expected [0] but found [200]
	at com.source.context.NonCatalogTestContext.createRequisition(NonCatalogTestContext.java:15)
	at java.base/java.util.ArrayList.forEach(ArrayList.java:1597)
	at com.intellij.rt.testng.IDEARemoteTestNG.run(IDEARemoteTestNG.java:65)
	at com.intellij.rt.testng.RemoteTestNGStarter.main(RemoteTestNGStarter.java:105)
... Removed 28 stack frames</div></td></tr></table><p class="totop"><a href="#summary">back to summary</a></p>
<h3 id="m10">com.source.context.NonCatalogTestContext#editRequisition</h3><table class="result"><tr class="param"><th>Parameter #1</th><th>Parameter #2</th></tr><tr class="param stripe"><td>Sales</td><td>NonCatalog</td></tr><tr><th colspan="2">Exception</th></tr><tr><td colspan="2"><div class="stacktrace">java.lang.AssertionError: API call was not successful; Status Code: 0 expected [0] but found [200]
	at com.source.context.NonCatalogTestContext.editRequisition(NonCatalogTestContext.java:28)
	at java.base/java.util.ArrayList.forEach(ArrayList.java:1597)
	at com.intellij.rt.testng.IDEARemoteTestNG.run(IDEARemoteTestNG.java:65)
	at com.intellij.rt.testng.RemoteTestNGStarter.main(RemoteTestNGStarter.java:105)
... Removed 28 stack frames</div></td></tr></table><p class="totop"><a href="#summary">back to summary</a></p>
<h3 id="m11">com.source.context.NonCatalogTestContext#requisitionSendForApproval</h3><table class="result"><tr class="param"><th>Parameter #1</th><th>Parameter #2</th></tr><tr class="param stripe"><td>Sales</td><td>NonCatalog</td></tr><tr><th colspan="2">Exception</th></tr><tr><td colspan="2"><div class="stacktrace">java.lang.AssertionError: API call was not successful; Status Code: 0 expected [0] but found [200]
	at com.source.context.NonCatalogTestContext.requisitionSendForApproval(NonCatalogTestContext.java:41)
	at java.base/java.util.ArrayList.forEach(ArrayList.java:1597)
	at com.intellij.rt.testng.IDEARemoteTestNG.run(IDEARemoteTestNG.java:65)
	at com.intellij.rt.testng.RemoteTestNGStarter.main(RemoteTestNGStarter.java:105)
... Removed 28 stack frames</div></td></tr></table><p class="totop"><a href="#summary">back to summary</a></p>
</body>
</html>
