<?xml version="1.0" encoding="UTF-8"?>
<!-- Generated by org.testng.reporters.JUnitXMLReporter -->
<testsuite ignored="0" hostname="Issac" failures="1" tests="1" name="Requisition Approve" time="0.009" errors="0" timestamp="2025-05-04T21:17:19 IST">
  <testcase classname="com.source.classes.requisitions.approve.ApproveTest" name="approve" time="0.005">
    <failure type="java.lang.AssertionError" message="Requisition Approve was not successful expected [0] but found [200]">
      <![CDATA[java.lang.AssertionError: Requisition Approve was not successful expected [0] but found [200]
at com.source.classes.requisitions.approve.ApproveTest.approve(ApproveTest.java:14)
at java.base/java.util.ArrayList.forEach(ArrayList.java:1596)
... Removed 36 stack frames]]>
    </failure>
  </testcase> <!-- approve -->
</testsuite> <!-- Requisition Approve -->
