<?xml version="1.0" encoding="UTF-8"?>
<!-- Generated by org.testng.reporters.JUnitXMLReporter -->
<testsuite ignored="0" hostname="Issac" failures="1" tests="1" name="Requisition Send For Approval" time="4.089" errors="0" timestamp="2025-04-30T14:12:02 IST">
  <testcase classname="com.source.classes.requisitions.sendforapproval.SendForApprovalTest" name="sendForApproval" time="1.107">
    <failure type="java.lang.AssertionError" message="Requisition Send For Approval was not successful expected [0] but found [200]">
      <![CDATA[java.lang.AssertionError: Requisition Send For Approval was not successful expected [0] but found [200]
at com.source.classes.requisitions.sendforapproval.SendForApprovalTest.sendForApproval(SendForApprovalTest.java:14)
at java.base/java.util.ArrayList.forEach(ArrayList.java:1596)
... Removed 36 stack frames]]>
    </failure>
  </testcase> <!-- sendForApproval -->
</testsuite> <!-- Requisition Send For Approval -->
