<?xml version="1.0" encoding="UTF-8"?>
<!-- Generated by org.testng.reporters.JUnitXMLReporter -->
<testsuite ignored="0" hostname="Issac" failures="1" tests="1" name="Requisition Buyer Manager Suspend" time="0.008" errors="0" timestamp="2025-05-03T00:34:58 IST">
  <testcase classname="com.source.classes.requisitions.suspend.BuyerManagerSuspendTest" name="suspend" time="0.003">
    <failure type="java.lang.AssertionError" message="Requisition Suspend was not Successful expected [0] but found [200]">
      <![CDATA[java.lang.AssertionError: Requisition Suspend was not Successful expected [0] but found [200]
at com.source.classes.requisitions.suspend.BuyerManagerSuspendTest.suspend(BuyerManagerSuspendTest.java:14)
at java.base/java.util.ArrayList.forEach(ArrayList.java:1596)
... Removed 36 stack frames]]>
    </failure>
  </testcase> <!-- suspend -->
</testsuite> <!-- Requisition Buyer Manager Suspend -->
