<?xml version="1.0" encoding="UTF-8"?>
<!-- Generated by org.testng.reporters.JUnitXMLReporter -->
<testsuite ignored="0" hostname="Issac" failures="1" tests="1" name="Requisition Create" time="0.439" errors="0" timestamp="2025-05-04T21:17:18 IST">
  <testcase classname="com.source.classes.requisitions.create.CreateTest" name="create" time="0.037">
    <failure type="java.lang.AssertionError" message="Requisition Create was not Successful expected [0] but found [200]">
      <![CDATA[java.lang.AssertionError: Requisition Create was not Successful expected [0] but found [200]
at com.source.classes.requisitions.create.CreateTest.create(CreateTest.java:14)
at java.base/java.util.ArrayList.forEach(ArrayList.java:1596)
... Removed 36 stack frames]]>
    </failure>
  </testcase> <!-- create -->
</testsuite> <!-- Requisition Create -->
