<!DOCTYPE html PUBLIC "-//W3C//DTD XHTML 1.1//EN" "https://www.w3.org/TR/xhtml11/DTD/xhtml11.dtd">
<html xmlns="https://www.w3.org/1999/xhtml">
<head>
<meta http-equiv="content-type" content="text/html; charset=UTF-8"/>
<title>TestNG Report</title>
<style type="text/css">table {margin-bottom:10px;border-collapse:collapse;empty-cells:show}th,td {border:1px solid #009;padding:.25em .5em}th {vertical-align:bottom}td {vertical-align:top}table a {font-weight:bold}.stripe td {background-color: #E6EBF9}.num {text-align:right}.passedodd td {background-color: #3F3}.passedeven td {background-color: #0A0}.skippedodd td {background-color: #DDD}.skippedeven td {background-color: #CCC}.failedodd td,.attn {background-color: #F33}.failedeven td,.stripe .attn {background-color: #D00}.stacktrace {white-space:pre;font-family:monospace}.totop {font-size:85%;text-align:center;border-bottom:2px solid #000}.invisible {display:none}</style>
</head>
<body>
<table>
<tr><th>Test</th><th># Passed</th><th># Skipped</th><th># Retried</th><th># Failed</th><th>Time (ms)</th><th>Included Groups</th><th>Excluded Groups</th></tr>
<tr><th colspan="8">GePS-HOPES_YEA PR - Invoice Functional Test Suite</th></tr>
<tr><th colspan="8">GePS-HOPES_YEA PS Catalog Test Cases</th></tr>
<tr><td><a href="#t0">Requisition Create</a></td><td class="num">0</td><td class="num">0</td><td class="num">0</td><td class="num attn">1</td><td class="num">188</td><td></td><td></td></tr>
<tr class="stripe"><td><a href="#t1">Requisition Send For Approval</a></td><td class="num">0</td><td class="num">0</td><td class="num">0</td><td class="num attn">1</td><td class="num">4</td><td></td><td></td></tr>
<tr><td><a href="#t2">Requisition Approve</a></td><td class="num">0</td><td class="num">0</td><td class="num">0</td><td class="num attn">1</td><td class="num">7</td><td></td><td></td></tr>
<tr class="stripe"><td><a href="#t3">Requisition Buyer Manager Suspend</a></td><td class="num">0</td><td class="num">0</td><td class="num">0</td><td class="num attn">1</td><td class="num">8</td><td></td><td></td></tr>
<tr><td><a href="#t4">Purchase Order Request Create</a></td><td class="num">0</td><td class="num">0</td><td class="num">0</td><td class="num attn">1</td><td class="num">5</td><td></td><td></td></tr>
<tr class="stripe"><td><a href="#t5">Purchase Order Request Approve</a></td><td class="num">1</td><td class="num">0</td><td class="num">0</td><td class="num">0</td><td class="num">7</td><td></td><td></td></tr>
<tr><td><a href="#t6">Purchase Order Send For Vendor</a></td><td class="num">1</td><td class="num">0</td><td class="num">0</td><td class="num">0</td><td class="num">6</td><td></td><td></td></tr>
<tr><th colspan="8">GePS-HOPES_YEA SALES Catalog Test Cases</th></tr>
<tr class="stripe"><td><a href="#t7">Purchase Order Request Create</a></td><td class="num">0</td><td class="num">0</td><td class="num">0</td><td class="num attn">1</td><td class="num">5</td><td></td><td></td></tr>
<tr><td><a href="#t8">Purchase Order Request Edit</a></td><td class="num">1</td><td class="num">0</td><td class="num">0</td><td class="num">0</td><td class="num">6</td><td></td><td></td></tr>
<tr class="stripe"><td><a href="#t9">Purchase Order Request Suspend</a></td><td class="num">1</td><td class="num">0</td><td class="num">0</td><td class="num">0</td><td class="num">14</td><td></td><td></td></tr>
<tr><td><a href="#t10">Purchase Order Request Send For Approval</a></td><td class="num">1</td><td class="num">0</td><td class="num">0</td><td class="num">0</td><td class="num">4</td><td></td><td></td></tr>
<tr class="stripe"><td><a href="#t11">Purchase Order Request Reject</a></td><td class="num">1</td><td class="num">0</td><td class="num">0</td><td class="num">0</td><td class="num">3</td><td></td><td></td></tr>
<tr><td><a href="#t12">Purchase Order Request Approve</a></td><td class="num">1</td><td class="num">0</td><td class="num">0</td><td class="num">0</td><td class="num">4</td><td></td><td></td></tr>
<tr class="stripe"><td><a href="#t13">Purchase Order Send For Vendor</a></td><td class="num">1</td><td class="num">0</td><td class="num">0</td><td class="num">0</td><td class="num">3</td><td></td><td></td></tr>
<tr><th>Total</th><th class="num">8</th><th class="num">0</th><th class="num">0</th><th class="num attn">6</th><th class="num">264</th><th colspan="2"></th></tr>
</table>
<table id='summary'><thead><tr><th>Class</th><th>Method</th><th>Start</th><th>Time (ms)</th></tr></thead><tbody><tr><th colspan="4">GePS-HOPES_YEA PR - Invoice Functional Test Suite</th></tr></tbody><tbody><tr><th colspan="4">GePS-HOPES_YEA PS Catalog Test Cases</th></tr></tbody><tbody id="t0"><tr><th colspan="4">Requisition Create &#8212; failed</th></tr><tr class="failedeven"><td rowspan="1">com.source.classes.requisitions.create.CreateTest</td><td><a href="#m0">create</a></td><td rowspan="1">1746212698492</td><td rowspan="1">14</td></tr></tbody>
<tbody id="t1"><tr><th colspan="4">Requisition Send For Approval &#8212; failed</th></tr><tr class="failedeven"><td rowspan="1">com.source.classes.requisitions.sendforapproval.SendForApprovalTest</td><td><a href="#m1">sendForApproval</a></td><td rowspan="1">1746212698537</td><td rowspan="1">3</td></tr></tbody>
<tbody id="t2"><tr><th colspan="4">Requisition Approve &#8212; failed</th></tr><tr class="failedeven"><td rowspan="1">com.source.classes.requisitions.approve.ApproveTest</td><td><a href="#m2">approve</a></td><td rowspan="1">1746212698549</td><td rowspan="1">3</td></tr></tbody>
<tbody id="t3"><tr><th colspan="4">Requisition Buyer Manager Suspend &#8212; failed</th></tr><tr class="failedeven"><td rowspan="1">com.source.classes.requisitions.suspend.BuyerManagerSuspendTest</td><td><a href="#m3">suspend</a></td><td rowspan="1">1746212698567</td><td rowspan="1">3</td></tr></tbody>
<tbody id="t4"><tr><th colspan="4">Purchase Order Request Create &#8212; failed</th></tr><tr class="failedeven"><td rowspan="1">com.source.classes.purchaseorderrequests.create.PorCreateTest</td><td><a href="#m4">create</a></td><td rowspan="1">1746212698582</td><td rowspan="1">3</td></tr></tbody>
<tbody id="t5"><tr><th colspan="4">Purchase Order Request Approve &#8212; passed</th></tr><tr class="passedeven"><td rowspan="1">com.source.classes.purchaseorderrequests.approve.PorApproveTest</td><td><a href="#m5">approvalAndApprove</a></td><td rowspan="1">1746212698595</td><td rowspan="1">5</td></tr></tbody>
<tbody id="t6"><tr><th colspan="4">Purchase Order Send For Vendor &#8212; passed</th></tr><tr class="passedeven"><td rowspan="1">com.source.classes.purchaseorders.PoSendForVendorTest</td><td><a href="#m6">sendForVendor</a></td><td rowspan="1">1746212698612</td><td rowspan="1">2</td></tr></tbody>
<tbody><tr><th colspan="4">GePS-HOPES_YEA SALES Catalog Test Cases</th></tr></tbody><tbody id="t7"><tr><th colspan="4">Purchase Order Request Create &#8212; failed</th></tr><tr class="failedeven"><td rowspan="1">com.source.classes.purchaseorderrequests.create.PorCreateTest</td><td><a href="#m7">create</a></td><td rowspan="1">1746212700405</td><td rowspan="1">2</td></tr></tbody>
<tbody id="t8"><tr><th colspan="4">Purchase Order Request Edit &#8212; passed</th></tr><tr class="passedeven"><td rowspan="1">com.source.classes.purchaseorderrequests.edit.PorEditTest</td><td><a href="#m8">edit</a></td><td rowspan="1">1746212700423</td><td rowspan="1">2</td></tr></tbody>
<tbody id="t9"><tr><th colspan="4">Purchase Order Request Suspend &#8212; passed</th></tr><tr class="passedeven"><td rowspan="1">com.source.classes.purchaseorderrequests.suspend.SuspendEditTest</td><td><a href="#m9">suspend</a></td><td rowspan="1">1746212700441</td><td rowspan="1">10</td></tr></tbody>
<tbody id="t10"><tr><th colspan="4">Purchase Order Request Send For Approval &#8212; passed</th></tr><tr class="passedeven"><td rowspan="1">com.source.classes.purchaseorderrequests.sendforapproval.PorSendForApprovalTest</td><td><a href="#m10">sendForApproval</a></td><td rowspan="1">1746212700464</td><td rowspan="1">1</td></tr></tbody>
<tbody id="t11"><tr><th colspan="4">Purchase Order Request Reject &#8212; passed</th></tr><tr class="passedeven"><td rowspan="1">com.source.classes.purchaseorderrequests.reject.PorRejectTest</td><td><a href="#m11">reject</a></td><td rowspan="1">1746212700477</td><td rowspan="1">1</td></tr></tbody>
<tbody id="t12"><tr><th colspan="4">Purchase Order Request Approve &#8212; passed</th></tr><tr class="passedeven"><td rowspan="1">com.source.classes.purchaseorderrequests.approve.PorApproveTest</td><td><a href="#m12">approvalAndApprove</a></td><td rowspan="1">1746212700491</td><td rowspan="1">2</td></tr></tbody>
<tbody id="t13"><tr><th colspan="4">Purchase Order Send For Vendor &#8212; passed</th></tr><tr class="passedeven"><td rowspan="1">com.source.classes.purchaseorders.PoSendForVendorTest</td><td><a href="#m13">sendForVendor</a></td><td rowspan="1">1746212700504</td><td rowspan="1">1</td></tr></tbody>
</table>
<h2>Requisition Create</h2><h3 id="m0">com.source.classes.requisitions.create.CreateTest#create</h3><table class="result"><tr class="param"><th>Parameter #1</th><th>Parameter #2</th></tr><tr class="param stripe"><td>PS</td><td>Catalog</td></tr><tr><th colspan="2">Exception</th></tr><tr><td colspan="2"><div class="stacktrace">java.lang.AssertionError: Requisition Create was not Successful expected [0] but found [200]
	at com.source.classes.requisitions.create.CreateTest.create(CreateTest.java:14)
	at java.base/java.util.ArrayList.forEach(ArrayList.java:1596)
... Removed 36 stack frames</div></td></tr></table><p class="totop"><a href="#summary">back to summary</a></p>
<h2>Requisition Send For Approval</h2><h3 id="m1">com.source.classes.requisitions.sendforapproval.SendForApprovalTest#sendForApproval</h3><table class="result"><tr class="param"><th>Parameter #1</th><th>Parameter #2</th></tr><tr class="param stripe"><td>PS</td><td>Catalog</td></tr><tr><th colspan="2">Exception</th></tr><tr><td colspan="2"><div class="stacktrace">java.lang.AssertionError: Requisition Send For Approval was not successful expected [0] but found [200]
	at com.source.classes.requisitions.sendforapproval.SendForApprovalTest.sendForApproval(SendForApprovalTest.java:14)
	at java.base/java.util.ArrayList.forEach(ArrayList.java:1596)
... Removed 36 stack frames</div></td></tr></table><p class="totop"><a href="#summary">back to summary</a></p>
<h2>Requisition Approve</h2><h3 id="m2">com.source.classes.requisitions.approve.ApproveTest#approve</h3><table class="result"><tr class="param"><th>Parameter #1</th><th>Parameter #2</th></tr><tr class="param stripe"><td>PS</td><td>Catalog</td></tr><tr><th colspan="2">Exception</th></tr><tr><td colspan="2"><div class="stacktrace">java.lang.AssertionError: Requisition Approve was not successful expected [0] but found [200]
	at com.source.classes.requisitions.approve.ApproveTest.approve(ApproveTest.java:14)
	at java.base/java.util.ArrayList.forEach(ArrayList.java:1596)
... Removed 36 stack frames</div></td></tr></table><p class="totop"><a href="#summary">back to summary</a></p>
<h2>Requisition Buyer Manager Suspend</h2><h3 id="m3">com.source.classes.requisitions.suspend.BuyerManagerSuspendTest#suspend</h3><table class="result"><tr class="param"><th>Parameter #1</th><th>Parameter #2</th></tr><tr class="param stripe"><td>PS</td><td>Catalog</td></tr><tr><th colspan="2">Exception</th></tr><tr><td colspan="2"><div class="stacktrace">java.lang.AssertionError: Requisition Suspend was not Successful expected [0] but found [200]
	at com.source.classes.requisitions.suspend.BuyerManagerSuspendTest.suspend(BuyerManagerSuspendTest.java:14)
	at java.base/java.util.ArrayList.forEach(ArrayList.java:1596)
... Removed 36 stack frames</div></td></tr></table><p class="totop"><a href="#summary">back to summary</a></p>
<h2>Purchase Order Request Create</h2><h3 id="m4">com.source.classes.purchaseorderrequests.create.PorCreateTest#create</h3><table class="result"><tr class="param"><th>Parameter #1</th><th>Parameter #2</th></tr><tr class="param stripe"><td>PS</td><td>Catalog</td></tr><tr><th colspan="2">Exception</th></tr><tr><td colspan="2"><div class="stacktrace">java.lang.AssertionError: Requisition Create was not Successful expected [0] but found [200]
	at com.source.classes.purchaseorderrequests.create.PorCreateTest.create(PorCreateTest.java:14)
	at java.base/java.util.ArrayList.forEach(ArrayList.java:1596)
... Removed 36 stack frames</div></td></tr></table><p class="totop"><a href="#summary">back to summary</a></p>
<h2>Purchase Order Request Approve</h2><h3 id="m5">com.source.classes.purchaseorderrequests.approve.PorApproveTest#approvalAndApprove</h3><table class="result"><tr class="param"><th>Parameter #1</th><th>Parameter #2</th></tr><tr class="param stripe"><td>PS</td><td>Catalog</td></tr></table><p class="totop"><a href="#summary">back to summary</a></p>
<h2>Purchase Order Send For Vendor</h2><h3 id="m6">com.source.classes.purchaseorders.PoSendForVendorTest#sendForVendor</h3><table class="result"><tr class="param"><th>Parameter #1</th><th>Parameter #2</th></tr><tr class="param stripe"><td>PS</td><td>Catalog</td></tr></table><p class="totop"><a href="#summary">back to summary</a></p>
<h2>Purchase Order Request Create</h2><h3 id="m7">com.source.classes.purchaseorderrequests.create.PorCreateTest#create</h3><table class="result"><tr class="param"><th>Parameter #1</th><th>Parameter #2</th></tr><tr class="param stripe"><td>Sales</td><td>Catalog</td></tr><tr><th colspan="2">Exception</th></tr><tr><td colspan="2"><div class="stacktrace">java.lang.AssertionError: Requisition Create was not Successful expected [0] but found [200]
	at com.source.classes.purchaseorderrequests.create.PorCreateTest.create(PorCreateTest.java:14)
	at java.base/java.util.ArrayList.forEach(ArrayList.java:1596)
... Removed 36 stack frames</div></td></tr></table><p class="totop"><a href="#summary">back to summary</a></p>
<h2>Purchase Order Request Edit</h2><h3 id="m8">com.source.classes.purchaseorderrequests.edit.PorEditTest#edit</h3><table class="result"><tr class="param"><th>Parameter #1</th><th>Parameter #2</th></tr><tr class="param stripe"><td>Sales</td><td>Catalog</td></tr></table><p class="totop"><a href="#summary">back to summary</a></p>
<h2>Purchase Order Request Suspend</h2><h3 id="m9">com.source.classes.purchaseorderrequests.suspend.SuspendEditTest#suspend</h3><table class="result"><tr class="param"><th>Parameter #1</th><th>Parameter #2</th></tr><tr class="param stripe"><td>Sales</td><td>Catalog</td></tr></table><p class="totop"><a href="#summary">back to summary</a></p>
<h2>Purchase Order Request Send For Approval</h2><h3 id="m10">com.source.classes.purchaseorderrequests.sendforapproval.PorSendForApprovalTest#sendForApproval</h3><table class="result"><tr class="param"><th>Parameter #1</th><th>Parameter #2</th></tr><tr class="param stripe"><td>Sales</td><td>Catalog</td></tr></table><p class="totop"><a href="#summary">back to summary</a></p>
<h2>Purchase Order Request Reject</h2><h3 id="m11">com.source.classes.purchaseorderrequests.reject.PorRejectTest#reject</h3><table class="result"><tr class="param"><th>Parameter #1</th><th>Parameter #2</th></tr><tr class="param stripe"><td>Sales</td><td>Catalog</td></tr></table><p class="totop"><a href="#summary">back to summary</a></p>
<h2>Purchase Order Request Approve</h2><h3 id="m12">com.source.classes.purchaseorderrequests.approve.PorApproveTest#approvalAndApprove</h3><table class="result"><tr class="param"><th>Parameter #1</th><th>Parameter #2</th></tr><tr class="param stripe"><td>Sales</td><td>Catalog</td></tr></table><p class="totop"><a href="#summary">back to summary</a></p>
<h2>Purchase Order Send For Vendor</h2><h3 id="m13">com.source.classes.purchaseorders.PoSendForVendorTest#sendForVendor</h3><table class="result"><tr class="param"><th>Parameter #1</th><th>Parameter #2</th></tr><tr class="param stripe"><td>Sales</td><td>Catalog</td></tr></table><p class="totop"><a href="#summary">back to summary</a></p>
</body>
</html>
