<?xml version="1.0" encoding="UTF-8"?>
<testng-results ignored="0" total="14" passed="8" failed="6" skipped="0">
  <reporter-output>
  </reporter-output>
  <suite started-at="2025-05-03T00:35:00 IST" name="GePS-HOPES_YEA PR - Invoice Functional Test Suite" finished-at="2025-05-03T00:35:00 IST" duration-ms="0">
    <groups>
    </groups>
  </suite> <!-- GePS-HOPES_YEA PR - Invoice Functional Test Suite -->
  <suite started-at="2025-05-03T00:34:58 IST" name="GePS-HOPES_YEA PS Catalog Test Cases" finished-at="2025-05-03T00:34:58 IST" duration-ms="292">
    <groups>
    </groups>
    <test started-at="2025-05-03T00:34:58 IST" name="Requisition Create" finished-at="2025-05-03T00:34:58 IST" duration-ms="188">
      <class name="com.source.classes.requisitions.create.CreateTest">
        <test-method is-config="true" signature="setUp()[pri:0, instance:com.source.classes.requisitions.create.CreateTest@5f7f2382]" started-at="2025-05-03T00:34:58 IST" name="setUp" finished-at="2025-05-03T00:34:58 IST" duration-ms="155" status="PASS">
          <reporter-output>
          </reporter-output>
        </test-method> <!-- setUp -->
        <test-method signature="create(java.lang.String,java.lang.String)[pri:0, instance:com.source.classes.requisitions.create.CreateTest@5f7f2382]" started-at="2025-05-03T00:34:58 IST" name="create" finished-at="2025-05-03T00:34:58 IST" duration-ms="14" status="FAIL">
          <params>
            <param index="0">
              <value>
                <![CDATA[PS]]>
              </value>
            </param>
            <param index="1">
              <value>
                <![CDATA[Catalog]]>
              </value>
            </param>
          </params>
          <exception class="java.lang.AssertionError">
            <message>
              <![CDATA[Requisition Create was not Successful expected [0] but found [200]]]>
            </message>
            <full-stacktrace>
              <![CDATA[java.lang.AssertionError: Requisition Create was not Successful expected [0] but found [200]
at org.testng.Assert.fail(Assert.java:111)
at org.testng.Assert.failNotEquals(Assert.java:1578)
at org.testng.Assert.assertEqualsImpl(Assert.java:150)
at org.testng.Assert.assertEquals(Assert.java:132)
at org.testng.Assert.assertEquals(Assert.java:1419)
at org.testng.Assert.assertEquals(Assert.java:1383)
at com.source.classes.requisitions.create.CreateTest.create(CreateTest.java:14)
at java.base/jdk.internal.reflect.DirectMethodHandleAccessor.invoke(DirectMethodHandleAccessor.java:103)
at java.base/java.lang.reflect.Method.invoke(Method.java:580)
at org.testng.internal.invokers.MethodInvocationHelper.invokeMethod(MethodInvocationHelper.java:141)
at org.testng.internal.invokers.TestInvoker.invokeMethod(TestInvoker.java:686)
at org.testng.internal.invokers.TestInvoker.invokeTestMethod(TestInvoker.java:230)
at org.testng.internal.invokers.MethodRunner.runInSequence(MethodRunner.java:63)
at org.testng.internal.invokers.TestInvoker$MethodInvocationAgent.invoke(TestInvoker.java:992)
at org.testng.internal.invokers.TestInvoker.invokeTestMethods(TestInvoker.java:203)
at org.testng.internal.invokers.TestMethodWorker.invokeTestMethods(TestMethodWorker.java:154)
at org.testng.internal.invokers.TestMethodWorker.run(TestMethodWorker.java:134)
at java.base/java.util.ArrayList.forEach(ArrayList.java:1596)
at org.testng.TestRunner.privateRun(TestRunner.java:739)
at org.testng.TestRunner.run(TestRunner.java:614)
at org.testng.SuiteRunner.runTest(SuiteRunner.java:421)
at org.testng.SuiteRunner.runSequentially(SuiteRunner.java:413)
at org.testng.SuiteRunner.privateRun(SuiteRunner.java:373)
at org.testng.SuiteRunner.run(SuiteRunner.java:312)
at org.testng.SuiteRunnerWorker.runSuite(SuiteRunnerWorker.java:52)
at org.testng.SuiteRunnerWorker.run(SuiteRunnerWorker.java:95)
at org.testng.TestNG.runSuitesSequentially(TestNG.java:1274)
at org.testng.TestNG.runSuitesSequentially(TestNG.java:1269)
at org.testng.TestNG.runSuitesLocally(TestNG.java:1208)
at org.testng.TestNG.runSuites(TestNG.java:1112)
at org.testng.TestNG.run(TestNG.java:1079)
at org.apache.maven.surefire.testng.TestNGExecutor.run(TestNGExecutor.java:308)
at org.apache.maven.surefire.testng.TestNGXmlTestSuite.execute(TestNGXmlTestSuite.java:71)
at org.apache.maven.surefire.testng.TestNGProvider.invoke(TestNGProvider.java:113)
at org.apache.maven.surefire.booter.ForkedBooter.runSuitesInProcess(ForkedBooter.java:385)
at org.apache.maven.surefire.booter.ForkedBooter.execute(ForkedBooter.java:162)
at org.apache.maven.surefire.booter.ForkedBooter.run(ForkedBooter.java:507)
at org.apache.maven.surefire.booter.ForkedBooter.main(ForkedBooter.java:495)
]]>
            </full-stacktrace>
          </exception> <!-- java.lang.AssertionError -->
          <reporter-output>
          </reporter-output>
        </test-method> <!-- create -->
      </class> <!-- com.source.classes.requisitions.create.CreateTest -->
    </test> <!-- Requisition Create -->
    <test started-at="2025-05-03T00:34:58 IST" name="Requisition Send For Approval" finished-at="2025-05-03T00:34:58 IST" duration-ms="4">
      <class name="com.source.classes.requisitions.sendforapproval.SendForApprovalTest">
        <test-method is-config="true" signature="setUp()[pri:0, instance:com.source.classes.requisitions.sendforapproval.SendForApprovalTest@63f34b70]" started-at="2025-05-03T00:34:58 IST" name="setUp" finished-at="2025-05-03T00:34:58 IST" duration-ms="1" status="PASS">
          <reporter-output>
          </reporter-output>
        </test-method> <!-- setUp -->
        <test-method signature="sendForApproval(java.lang.String,java.lang.String)[pri:0, instance:com.source.classes.requisitions.sendforapproval.SendForApprovalTest@63f34b70]" started-at="2025-05-03T00:34:58 IST" name="sendForApproval" finished-at="2025-05-03T00:34:58 IST" duration-ms="3" status="FAIL">
          <params>
            <param index="0">
              <value>
                <![CDATA[PS]]>
              </value>
            </param>
            <param index="1">
              <value>
                <![CDATA[Catalog]]>
              </value>
            </param>
          </params>
          <exception class="java.lang.AssertionError">
            <message>
              <![CDATA[Requisition Send For Approval was not successful expected [0] but found [200]]]>
            </message>
            <full-stacktrace>
              <![CDATA[java.lang.AssertionError: Requisition Send For Approval was not successful expected [0] but found [200]
at org.testng.Assert.fail(Assert.java:111)
at org.testng.Assert.failNotEquals(Assert.java:1578)
at org.testng.Assert.assertEqualsImpl(Assert.java:150)
at org.testng.Assert.assertEquals(Assert.java:132)
at org.testng.Assert.assertEquals(Assert.java:1419)
at org.testng.Assert.assertEquals(Assert.java:1383)
at com.source.classes.requisitions.sendforapproval.SendForApprovalTest.sendForApproval(SendForApprovalTest.java:14)
at java.base/jdk.internal.reflect.DirectMethodHandleAccessor.invoke(DirectMethodHandleAccessor.java:103)
at java.base/java.lang.reflect.Method.invoke(Method.java:580)
at org.testng.internal.invokers.MethodInvocationHelper.invokeMethod(MethodInvocationHelper.java:141)
at org.testng.internal.invokers.TestInvoker.invokeMethod(TestInvoker.java:686)
at org.testng.internal.invokers.TestInvoker.invokeTestMethod(TestInvoker.java:230)
at org.testng.internal.invokers.MethodRunner.runInSequence(MethodRunner.java:63)
at org.testng.internal.invokers.TestInvoker$MethodInvocationAgent.invoke(TestInvoker.java:992)
at org.testng.internal.invokers.TestInvoker.invokeTestMethods(TestInvoker.java:203)
at org.testng.internal.invokers.TestMethodWorker.invokeTestMethods(TestMethodWorker.java:154)
at org.testng.internal.invokers.TestMethodWorker.run(TestMethodWorker.java:134)
at java.base/java.util.ArrayList.forEach(ArrayList.java:1596)
at org.testng.TestRunner.privateRun(TestRunner.java:739)
at org.testng.TestRunner.run(TestRunner.java:614)
at org.testng.SuiteRunner.runTest(SuiteRunner.java:421)
at org.testng.SuiteRunner.runSequentially(SuiteRunner.java:413)
at org.testng.SuiteRunner.privateRun(SuiteRunner.java:373)
at org.testng.SuiteRunner.run(SuiteRunner.java:312)
at org.testng.SuiteRunnerWorker.runSuite(SuiteRunnerWorker.java:52)
at org.testng.SuiteRunnerWorker.run(SuiteRunnerWorker.java:95)
at org.testng.TestNG.runSuitesSequentially(TestNG.java:1274)
at org.testng.TestNG.runSuitesSequentially(TestNG.java:1269)
at org.testng.TestNG.runSuitesLocally(TestNG.java:1208)
at org.testng.TestNG.runSuites(TestNG.java:1112)
at org.testng.TestNG.run(TestNG.java:1079)
at org.apache.maven.surefire.testng.TestNGExecutor.run(TestNGExecutor.java:308)
at org.apache.maven.surefire.testng.TestNGXmlTestSuite.execute(TestNGXmlTestSuite.java:71)
at org.apache.maven.surefire.testng.TestNGProvider.invoke(TestNGProvider.java:113)
at org.apache.maven.surefire.booter.ForkedBooter.runSuitesInProcess(ForkedBooter.java:385)
at org.apache.maven.surefire.booter.ForkedBooter.execute(ForkedBooter.java:162)
at org.apache.maven.surefire.booter.ForkedBooter.run(ForkedBooter.java:507)
at org.apache.maven.surefire.booter.ForkedBooter.main(ForkedBooter.java:495)
]]>
            </full-stacktrace>
          </exception> <!-- java.lang.AssertionError -->
          <reporter-output>
          </reporter-output>
        </test-method> <!-- sendForApproval -->
      </class> <!-- com.source.classes.requisitions.sendforapproval.SendForApprovalTest -->
    </test> <!-- Requisition Send For Approval -->
    <test started-at="2025-05-03T00:34:58 IST" name="Requisition Approve" finished-at="2025-05-03T00:34:58 IST" duration-ms="7">
      <class name="com.source.classes.requisitions.approve.ApproveTest">
        <test-method is-config="true" signature="setUp()[pri:0, instance:com.source.classes.requisitions.approve.ApproveTest@56b78e55]" started-at="2025-05-03T00:34:58 IST" name="setUp" finished-at="2025-05-03T00:34:58 IST" duration-ms="1" status="PASS">
          <reporter-output>
          </reporter-output>
        </test-method> <!-- setUp -->
        <test-method signature="approve(java.lang.String,java.lang.String)[pri:0, instance:com.source.classes.requisitions.approve.ApproveTest@56b78e55]" started-at="2025-05-03T00:34:58 IST" name="approve" finished-at="2025-05-03T00:34:58 IST" duration-ms="3" status="FAIL">
          <params>
            <param index="0">
              <value>
                <![CDATA[PS]]>
              </value>
            </param>
            <param index="1">
              <value>
                <![CDATA[Catalog]]>
              </value>
            </param>
          </params>
          <exception class="java.lang.AssertionError">
            <message>
              <![CDATA[Requisition Approve was not successful expected [0] but found [200]]]>
            </message>
            <full-stacktrace>
              <![CDATA[java.lang.AssertionError: Requisition Approve was not successful expected [0] but found [200]
at org.testng.Assert.fail(Assert.java:111)
at org.testng.Assert.failNotEquals(Assert.java:1578)
at org.testng.Assert.assertEqualsImpl(Assert.java:150)
at org.testng.Assert.assertEquals(Assert.java:132)
at org.testng.Assert.assertEquals(Assert.java:1419)
at org.testng.Assert.assertEquals(Assert.java:1383)
at com.source.classes.requisitions.approve.ApproveTest.approve(ApproveTest.java:14)
at java.base/jdk.internal.reflect.DirectMethodHandleAccessor.invoke(DirectMethodHandleAccessor.java:103)
at java.base/java.lang.reflect.Method.invoke(Method.java:580)
at org.testng.internal.invokers.MethodInvocationHelper.invokeMethod(MethodInvocationHelper.java:141)
at org.testng.internal.invokers.TestInvoker.invokeMethod(TestInvoker.java:686)
at org.testng.internal.invokers.TestInvoker.invokeTestMethod(TestInvoker.java:230)
at org.testng.internal.invokers.MethodRunner.runInSequence(MethodRunner.java:63)
at org.testng.internal.invokers.TestInvoker$MethodInvocationAgent.invoke(TestInvoker.java:992)
at org.testng.internal.invokers.TestInvoker.invokeTestMethods(TestInvoker.java:203)
at org.testng.internal.invokers.TestMethodWorker.invokeTestMethods(TestMethodWorker.java:154)
at org.testng.internal.invokers.TestMethodWorker.run(TestMethodWorker.java:134)
at java.base/java.util.ArrayList.forEach(ArrayList.java:1596)
at org.testng.TestRunner.privateRun(TestRunner.java:739)
at org.testng.TestRunner.run(TestRunner.java:614)
at org.testng.SuiteRunner.runTest(SuiteRunner.java:421)
at org.testng.SuiteRunner.runSequentially(SuiteRunner.java:413)
at org.testng.SuiteRunner.privateRun(SuiteRunner.java:373)
at org.testng.SuiteRunner.run(SuiteRunner.java:312)
at org.testng.SuiteRunnerWorker.runSuite(SuiteRunnerWorker.java:52)
at org.testng.SuiteRunnerWorker.run(SuiteRunnerWorker.java:95)
at org.testng.TestNG.runSuitesSequentially(TestNG.java:1274)
at org.testng.TestNG.runSuitesSequentially(TestNG.java:1269)
at org.testng.TestNG.runSuitesLocally(TestNG.java:1208)
at org.testng.TestNG.runSuites(TestNG.java:1112)
at org.testng.TestNG.run(TestNG.java:1079)
at org.apache.maven.surefire.testng.TestNGExecutor.run(TestNGExecutor.java:308)
at org.apache.maven.surefire.testng.TestNGXmlTestSuite.execute(TestNGXmlTestSuite.java:71)
at org.apache.maven.surefire.testng.TestNGProvider.invoke(TestNGProvider.java:113)
at org.apache.maven.surefire.booter.ForkedBooter.runSuitesInProcess(ForkedBooter.java:385)
at org.apache.maven.surefire.booter.ForkedBooter.execute(ForkedBooter.java:162)
at org.apache.maven.surefire.booter.ForkedBooter.run(ForkedBooter.java:507)
at org.apache.maven.surefire.booter.ForkedBooter.main(ForkedBooter.java:495)
]]>
            </full-stacktrace>
          </exception> <!-- java.lang.AssertionError -->
          <reporter-output>
          </reporter-output>
        </test-method> <!-- approve -->
      </class> <!-- com.source.classes.requisitions.approve.ApproveTest -->
    </test> <!-- Requisition Approve -->
    <test started-at="2025-05-03T00:34:58 IST" name="Requisition Buyer Manager Suspend" finished-at="2025-05-03T00:34:58 IST" duration-ms="8">
      <class name="com.source.classes.requisitions.suspend.BuyerManagerSuspendTest">
        <test-method is-config="true" signature="setUp()[pri:0, instance:com.source.classes.requisitions.suspend.BuyerManagerSuspendTest@585811a4]" started-at="2025-05-03T00:34:58 IST" name="setUp" finished-at="2025-05-03T00:34:58 IST" duration-ms="1" status="PASS">
          <reporter-output>
          </reporter-output>
        </test-method> <!-- setUp -->
        <test-method signature="suspend(java.lang.String,java.lang.String)[pri:0, instance:com.source.classes.requisitions.suspend.BuyerManagerSuspendTest@585811a4]" started-at="2025-05-03T00:34:58 IST" name="suspend" finished-at="2025-05-03T00:34:58 IST" duration-ms="3" status="FAIL">
          <params>
            <param index="0">
              <value>
                <![CDATA[PS]]>
              </value>
            </param>
            <param index="1">
              <value>
                <![CDATA[Catalog]]>
              </value>
            </param>
          </params>
          <exception class="java.lang.AssertionError">
            <message>
              <![CDATA[Requisition Suspend was not Successful expected [0] but found [200]]]>
            </message>
            <full-stacktrace>
              <![CDATA[java.lang.AssertionError: Requisition Suspend was not Successful expected [0] but found [200]
at org.testng.Assert.fail(Assert.java:111)
at org.testng.Assert.failNotEquals(Assert.java:1578)
at org.testng.Assert.assertEqualsImpl(Assert.java:150)
at org.testng.Assert.assertEquals(Assert.java:132)
at org.testng.Assert.assertEquals(Assert.java:1419)
at org.testng.Assert.assertEquals(Assert.java:1383)
at com.source.classes.requisitions.suspend.BuyerManagerSuspendTest.suspend(BuyerManagerSuspendTest.java:14)
at java.base/jdk.internal.reflect.DirectMethodHandleAccessor.invoke(DirectMethodHandleAccessor.java:103)
at java.base/java.lang.reflect.Method.invoke(Method.java:580)
at org.testng.internal.invokers.MethodInvocationHelper.invokeMethod(MethodInvocationHelper.java:141)
at org.testng.internal.invokers.TestInvoker.invokeMethod(TestInvoker.java:686)
at org.testng.internal.invokers.TestInvoker.invokeTestMethod(TestInvoker.java:230)
at org.testng.internal.invokers.MethodRunner.runInSequence(MethodRunner.java:63)
at org.testng.internal.invokers.TestInvoker$MethodInvocationAgent.invoke(TestInvoker.java:992)
at org.testng.internal.invokers.TestInvoker.invokeTestMethods(TestInvoker.java:203)
at org.testng.internal.invokers.TestMethodWorker.invokeTestMethods(TestMethodWorker.java:154)
at org.testng.internal.invokers.TestMethodWorker.run(TestMethodWorker.java:134)
at java.base/java.util.ArrayList.forEach(ArrayList.java:1596)
at org.testng.TestRunner.privateRun(TestRunner.java:739)
at org.testng.TestRunner.run(TestRunner.java:614)
at org.testng.SuiteRunner.runTest(SuiteRunner.java:421)
at org.testng.SuiteRunner.runSequentially(SuiteRunner.java:413)
at org.testng.SuiteRunner.privateRun(SuiteRunner.java:373)
at org.testng.SuiteRunner.run(SuiteRunner.java:312)
at org.testng.SuiteRunnerWorker.runSuite(SuiteRunnerWorker.java:52)
at org.testng.SuiteRunnerWorker.run(SuiteRunnerWorker.java:95)
at org.testng.TestNG.runSuitesSequentially(TestNG.java:1274)
at org.testng.TestNG.runSuitesSequentially(TestNG.java:1269)
at org.testng.TestNG.runSuitesLocally(TestNG.java:1208)
at org.testng.TestNG.runSuites(TestNG.java:1112)
at org.testng.TestNG.run(TestNG.java:1079)
at org.apache.maven.surefire.testng.TestNGExecutor.run(TestNGExecutor.java:308)
at org.apache.maven.surefire.testng.TestNGXmlTestSuite.execute(TestNGXmlTestSuite.java:71)
at org.apache.maven.surefire.testng.TestNGProvider.invoke(TestNGProvider.java:113)
at org.apache.maven.surefire.booter.ForkedBooter.runSuitesInProcess(ForkedBooter.java:385)
at org.apache.maven.surefire.booter.ForkedBooter.execute(ForkedBooter.java:162)
at org.apache.maven.surefire.booter.ForkedBooter.run(ForkedBooter.java:507)
at org.apache.maven.surefire.booter.ForkedBooter.main(ForkedBooter.java:495)
]]>
            </full-stacktrace>
          </exception> <!-- java.lang.AssertionError -->
          <reporter-output>
          </reporter-output>
        </test-method> <!-- suspend -->
      </class> <!-- com.source.classes.requisitions.suspend.BuyerManagerSuspendTest -->
    </test> <!-- Requisition Buyer Manager Suspend -->
    <test started-at="2025-05-03T00:34:58 IST" name="Purchase Order Request Create" finished-at="2025-05-03T00:34:58 IST" duration-ms="5">
      <class name="com.source.classes.purchaseorderrequests.create.PorCreateTest">
        <test-method is-config="true" signature="setUp()[pri:0, instance:com.source.classes.purchaseorderrequests.create.PorCreateTest@5400db36]" started-at="2025-05-03T00:34:58 IST" name="setUp" finished-at="2025-05-03T00:34:58 IST" duration-ms="1" status="PASS">
          <reporter-output>
          </reporter-output>
        </test-method> <!-- setUp -->
        <test-method signature="create(java.lang.String,java.lang.String)[pri:0, instance:com.source.classes.purchaseorderrequests.create.PorCreateTest@5400db36]" started-at="2025-05-03T00:34:58 IST" name="create" finished-at="2025-05-03T00:34:58 IST" duration-ms="3" status="FAIL">
          <params>
            <param index="0">
              <value>
                <![CDATA[PS]]>
              </value>
            </param>
            <param index="1">
              <value>
                <![CDATA[Catalog]]>
              </value>
            </param>
          </params>
          <exception class="java.lang.AssertionError">
            <message>
              <![CDATA[Requisition Create was not Successful expected [0] but found [200]]]>
            </message>
            <full-stacktrace>
              <![CDATA[java.lang.AssertionError: Requisition Create was not Successful expected [0] but found [200]
at org.testng.Assert.fail(Assert.java:111)
at org.testng.Assert.failNotEquals(Assert.java:1578)
at org.testng.Assert.assertEqualsImpl(Assert.java:150)
at org.testng.Assert.assertEquals(Assert.java:132)
at org.testng.Assert.assertEquals(Assert.java:1419)
at org.testng.Assert.assertEquals(Assert.java:1383)
at com.source.classes.purchaseorderrequests.create.PorCreateTest.create(PorCreateTest.java:14)
at java.base/jdk.internal.reflect.DirectMethodHandleAccessor.invoke(DirectMethodHandleAccessor.java:103)
at java.base/java.lang.reflect.Method.invoke(Method.java:580)
at org.testng.internal.invokers.MethodInvocationHelper.invokeMethod(MethodInvocationHelper.java:141)
at org.testng.internal.invokers.TestInvoker.invokeMethod(TestInvoker.java:686)
at org.testng.internal.invokers.TestInvoker.invokeTestMethod(TestInvoker.java:230)
at org.testng.internal.invokers.MethodRunner.runInSequence(MethodRunner.java:63)
at org.testng.internal.invokers.TestInvoker$MethodInvocationAgent.invoke(TestInvoker.java:992)
at org.testng.internal.invokers.TestInvoker.invokeTestMethods(TestInvoker.java:203)
at org.testng.internal.invokers.TestMethodWorker.invokeTestMethods(TestMethodWorker.java:154)
at org.testng.internal.invokers.TestMethodWorker.run(TestMethodWorker.java:134)
at java.base/java.util.ArrayList.forEach(ArrayList.java:1596)
at org.testng.TestRunner.privateRun(TestRunner.java:739)
at org.testng.TestRunner.run(TestRunner.java:614)
at org.testng.SuiteRunner.runTest(SuiteRunner.java:421)
at org.testng.SuiteRunner.runSequentially(SuiteRunner.java:413)
at org.testng.SuiteRunner.privateRun(SuiteRunner.java:373)
at org.testng.SuiteRunner.run(SuiteRunner.java:312)
at org.testng.SuiteRunnerWorker.runSuite(SuiteRunnerWorker.java:52)
at org.testng.SuiteRunnerWorker.run(SuiteRunnerWorker.java:95)
at org.testng.TestNG.runSuitesSequentially(TestNG.java:1274)
at org.testng.TestNG.runSuitesSequentially(TestNG.java:1269)
at org.testng.TestNG.runSuitesLocally(TestNG.java:1208)
at org.testng.TestNG.runSuites(TestNG.java:1112)
at org.testng.TestNG.run(TestNG.java:1079)
at org.apache.maven.surefire.testng.TestNGExecutor.run(TestNGExecutor.java:308)
at org.apache.maven.surefire.testng.TestNGXmlTestSuite.execute(TestNGXmlTestSuite.java:71)
at org.apache.maven.surefire.testng.TestNGProvider.invoke(TestNGProvider.java:113)
at org.apache.maven.surefire.booter.ForkedBooter.runSuitesInProcess(ForkedBooter.java:385)
at org.apache.maven.surefire.booter.ForkedBooter.execute(ForkedBooter.java:162)
at org.apache.maven.surefire.booter.ForkedBooter.run(ForkedBooter.java:507)
at org.apache.maven.surefire.booter.ForkedBooter.main(ForkedBooter.java:495)
]]>
            </full-stacktrace>
          </exception> <!-- java.lang.AssertionError -->
          <reporter-output>
          </reporter-output>
        </test-method> <!-- create -->
      </class> <!-- com.source.classes.purchaseorderrequests.create.PorCreateTest -->
    </test> <!-- Purchase Order Request Create -->
    <test started-at="2025-05-03T00:34:58 IST" name="Purchase Order Request Approve" finished-at="2025-05-03T00:34:58 IST" duration-ms="7">
      <class name="com.source.classes.purchaseorderrequests.approve.PorApproveTest">
        <test-method is-config="true" signature="setUp()[pri:0, instance:com.source.classes.purchaseorderrequests.approve.PorApproveTest@16afbd92]" started-at="2025-05-03T00:34:58 IST" name="setUp" finished-at="2025-05-03T00:34:58 IST" duration-ms="1" status="PASS">
          <reporter-output>
          </reporter-output>
        </test-method> <!-- setUp -->
        <test-method signature="approvalAndApprove(java.lang.String,java.lang.String)[pri:0, instance:com.source.classes.purchaseorderrequests.approve.PorApproveTest@16afbd92]" started-at="2025-05-03T00:34:58 IST" name="approvalAndApprove" finished-at="2025-05-03T00:34:58 IST" duration-ms="5" status="PASS">
          <params>
            <param index="0">
              <value>
                <![CDATA[PS]]>
              </value>
            </param>
            <param index="1">
              <value>
                <![CDATA[Catalog]]>
              </value>
            </param>
          </params>
          <reporter-output>
          </reporter-output>
        </test-method> <!-- approvalAndApprove -->
      </class> <!-- com.source.classes.purchaseorderrequests.approve.PorApproveTest -->
    </test> <!-- Purchase Order Request Approve -->
    <test started-at="2025-05-03T00:34:58 IST" name="Purchase Order Send For Vendor" finished-at="2025-05-03T00:34:58 IST" duration-ms="6">
      <class name="com.source.classes.purchaseorders.PoSendForVendorTest">
        <test-method is-config="true" signature="globalSetup()[pri:0, instance:com.source.classes.purchaseorders.PoSendForVendorTest@f713686]" started-at="2025-05-03T00:34:52 IST" name="globalSetup" finished-at="2025-05-03T00:34:58 IST" duration-ms="5636" status="PASS">
          <reporter-output>
          </reporter-output>
        </test-method> <!-- globalSetup -->
        <test-method is-config="true" signature="setUp()[pri:0, instance:com.source.classes.purchaseorders.PoSendForVendorTest@f713686]" started-at="2025-05-03T00:34:58 IST" name="setUp" finished-at="2025-05-03T00:34:58 IST" duration-ms="1" status="PASS">
          <reporter-output>
          </reporter-output>
        </test-method> <!-- setUp -->
        <test-method signature="sendForVendor(java.lang.String,java.lang.String)[pri:0, instance:com.source.classes.purchaseorders.PoSendForVendorTest@f713686]" started-at="2025-05-03T00:34:58 IST" name="sendForVendor" finished-at="2025-05-03T00:34:58 IST" duration-ms="2" status="PASS">
          <params>
            <param index="0">
              <value>
                <![CDATA[PS]]>
              </value>
            </param>
            <param index="1">
              <value>
                <![CDATA[Catalog]]>
              </value>
            </param>
          </params>
          <reporter-output>
          </reporter-output>
        </test-method> <!-- sendForVendor -->
        <test-method is-config="true" signature="globalTearDown()[pri:0, instance:com.source.classes.purchaseorders.PoSendForVendorTest@f713686]" started-at="2025-05-03T00:34:58 IST" name="globalTearDown" finished-at="2025-05-03T00:34:58 IST" duration-ms="1" status="PASS">
          <reporter-output>
          </reporter-output>
        </test-method> <!-- globalTearDown -->
      </class> <!-- com.source.classes.purchaseorders.PoSendForVendorTest -->
    </test> <!-- Purchase Order Send For Vendor -->
  </suite> <!-- GePS-HOPES_YEA PS Catalog Test Cases -->
  <suite started-at="2025-05-03T00:35:00 IST" name="GePS-HOPES_YEA SALES Catalog Test Cases" finished-at="2025-05-03T00:35:00 IST" duration-ms="102">
    <groups>
    </groups>
    <test started-at="2025-05-03T00:35:00 IST" name="Purchase Order Request Create" finished-at="2025-05-03T00:35:00 IST" duration-ms="5">
      <class name="com.source.classes.purchaseorderrequests.create.PorCreateTest">
        <test-method is-config="true" signature="setUp()[pri:0, instance:com.source.classes.purchaseorderrequests.create.PorCreateTest@5ca17ab0]" started-at="2025-05-03T00:35:00 IST" name="setUp" finished-at="2025-05-03T00:35:00 IST" duration-ms="1" status="PASS">
          <reporter-output>
          </reporter-output>
        </test-method> <!-- setUp -->
        <test-method signature="create(java.lang.String,java.lang.String)[pri:0, instance:com.source.classes.purchaseorderrequests.create.PorCreateTest@5ca17ab0]" started-at="2025-05-03T00:35:00 IST" name="create" finished-at="2025-05-03T00:35:00 IST" duration-ms="2" status="FAIL">
          <params>
            <param index="0">
              <value>
                <![CDATA[Sales]]>
              </value>
            </param>
            <param index="1">
              <value>
                <![CDATA[Catalog]]>
              </value>
            </param>
          </params>
          <exception class="java.lang.AssertionError">
            <message>
              <![CDATA[Requisition Create was not Successful expected [0] but found [200]]]>
            </message>
            <full-stacktrace>
              <![CDATA[java.lang.AssertionError: Requisition Create was not Successful expected [0] but found [200]
at org.testng.Assert.fail(Assert.java:111)
at org.testng.Assert.failNotEquals(Assert.java:1578)
at org.testng.Assert.assertEqualsImpl(Assert.java:150)
at org.testng.Assert.assertEquals(Assert.java:132)
at org.testng.Assert.assertEquals(Assert.java:1419)
at org.testng.Assert.assertEquals(Assert.java:1383)
at com.source.classes.purchaseorderrequests.create.PorCreateTest.create(PorCreateTest.java:14)
at java.base/jdk.internal.reflect.DirectMethodHandleAccessor.invoke(DirectMethodHandleAccessor.java:103)
at java.base/java.lang.reflect.Method.invoke(Method.java:580)
at org.testng.internal.invokers.MethodInvocationHelper.invokeMethod(MethodInvocationHelper.java:141)
at org.testng.internal.invokers.TestInvoker.invokeMethod(TestInvoker.java:686)
at org.testng.internal.invokers.TestInvoker.invokeTestMethod(TestInvoker.java:230)
at org.testng.internal.invokers.MethodRunner.runInSequence(MethodRunner.java:63)
at org.testng.internal.invokers.TestInvoker$MethodInvocationAgent.invoke(TestInvoker.java:992)
at org.testng.internal.invokers.TestInvoker.invokeTestMethods(TestInvoker.java:203)
at org.testng.internal.invokers.TestMethodWorker.invokeTestMethods(TestMethodWorker.java:154)
at org.testng.internal.invokers.TestMethodWorker.run(TestMethodWorker.java:134)
at java.base/java.util.ArrayList.forEach(ArrayList.java:1596)
at org.testng.TestRunner.privateRun(TestRunner.java:739)
at org.testng.TestRunner.run(TestRunner.java:614)
at org.testng.SuiteRunner.runTest(SuiteRunner.java:421)
at org.testng.SuiteRunner.runSequentially(SuiteRunner.java:413)
at org.testng.SuiteRunner.privateRun(SuiteRunner.java:373)
at org.testng.SuiteRunner.run(SuiteRunner.java:312)
at org.testng.SuiteRunnerWorker.runSuite(SuiteRunnerWorker.java:52)
at org.testng.SuiteRunnerWorker.run(SuiteRunnerWorker.java:95)
at org.testng.TestNG.runSuitesSequentially(TestNG.java:1274)
at org.testng.TestNG.runSuitesSequentially(TestNG.java:1269)
at org.testng.TestNG.runSuitesLocally(TestNG.java:1208)
at org.testng.TestNG.runSuites(TestNG.java:1112)
at org.testng.TestNG.run(TestNG.java:1079)
at org.apache.maven.surefire.testng.TestNGExecutor.run(TestNGExecutor.java:308)
at org.apache.maven.surefire.testng.TestNGXmlTestSuite.execute(TestNGXmlTestSuite.java:71)
at org.apache.maven.surefire.testng.TestNGProvider.invoke(TestNGProvider.java:113)
at org.apache.maven.surefire.booter.ForkedBooter.runSuitesInProcess(ForkedBooter.java:385)
at org.apache.maven.surefire.booter.ForkedBooter.execute(ForkedBooter.java:162)
at org.apache.maven.surefire.booter.ForkedBooter.run(ForkedBooter.java:507)
at org.apache.maven.surefire.booter.ForkedBooter.main(ForkedBooter.java:495)
]]>
            </full-stacktrace>
          </exception> <!-- java.lang.AssertionError -->
          <reporter-output>
          </reporter-output>
        </test-method> <!-- create -->
      </class> <!-- com.source.classes.purchaseorderrequests.create.PorCreateTest -->
    </test> <!-- Purchase Order Request Create -->
    <test started-at="2025-05-03T00:35:00 IST" name="Purchase Order Request Edit" finished-at="2025-05-03T00:35:00 IST" duration-ms="6">
      <class name="com.source.classes.purchaseorderrequests.edit.PorEditTest">
        <test-method signature="edit(java.lang.String,java.lang.String)[pri:0, instance:com.source.classes.purchaseorderrequests.edit.PorEditTest@2db2dd9d]" started-at="2025-05-03T00:35:00 IST" name="edit" finished-at="2025-05-03T00:35:00 IST" duration-ms="2" status="PASS">
          <params>
            <param index="0">
              <value>
                <![CDATA[Sales]]>
              </value>
            </param>
            <param index="1">
              <value>
                <![CDATA[Catalog]]>
              </value>
            </param>
          </params>
          <reporter-output>
          </reporter-output>
        </test-method> <!-- edit -->
        <test-method is-config="true" signature="setUp()[pri:0, instance:com.source.classes.purchaseorderrequests.edit.PorEditTest@2db2dd9d]" started-at="2025-05-03T00:35:00 IST" name="setUp" finished-at="2025-05-03T00:35:00 IST" duration-ms="0" status="PASS">
          <reporter-output>
          </reporter-output>
        </test-method> <!-- setUp -->
      </class> <!-- com.source.classes.purchaseorderrequests.edit.PorEditTest -->
    </test> <!-- Purchase Order Request Edit -->
    <test started-at="2025-05-03T00:35:00 IST" name="Purchase Order Request Suspend" finished-at="2025-05-03T00:35:00 IST" duration-ms="14">
      <class name="com.source.classes.purchaseorderrequests.suspend.SuspendEditTest">
        <test-method is-config="true" signature="setUp()[pri:0, instance:com.source.classes.purchaseorderrequests.suspend.SuspendEditTest@41beb473]" started-at="2025-05-03T00:35:00 IST" name="setUp" finished-at="2025-05-03T00:35:00 IST" duration-ms="0" status="PASS">
          <reporter-output>
          </reporter-output>
        </test-method> <!-- setUp -->
        <test-method signature="suspend(java.lang.String,java.lang.String)[pri:0, instance:com.source.classes.purchaseorderrequests.suspend.SuspendEditTest@41beb473]" started-at="2025-05-03T00:35:00 IST" name="suspend" finished-at="2025-05-03T00:35:00 IST" duration-ms="10" status="PASS">
          <params>
            <param index="0">
              <value>
                <![CDATA[Sales]]>
              </value>
            </param>
            <param index="1">
              <value>
                <![CDATA[Catalog]]>
              </value>
            </param>
          </params>
          <reporter-output>
          </reporter-output>
        </test-method> <!-- suspend -->
      </class> <!-- com.source.classes.purchaseorderrequests.suspend.SuspendEditTest -->
    </test> <!-- Purchase Order Request Suspend -->
    <test started-at="2025-05-03T00:35:00 IST" name="Purchase Order Request Send For Approval" finished-at="2025-05-03T00:35:00 IST" duration-ms="4">
      <class name="com.source.classes.purchaseorderrequests.sendforapproval.PorSendForApprovalTest">
        <test-method is-config="true" signature="setUp()[pri:0, instance:com.source.classes.purchaseorderrequests.sendforapproval.PorSendForApprovalTest@352c308]" started-at="2025-05-03T00:35:00 IST" name="setUp" finished-at="2025-05-03T00:35:00 IST" duration-ms="0" status="PASS">
          <reporter-output>
          </reporter-output>
        </test-method> <!-- setUp -->
        <test-method signature="sendForApproval(java.lang.String,java.lang.String)[pri:0, instance:com.source.classes.purchaseorderrequests.sendforapproval.PorSendForApprovalTest@352c308]" started-at="2025-05-03T00:35:00 IST" name="sendForApproval" finished-at="2025-05-03T00:35:00 IST" duration-ms="1" status="PASS">
          <params>
            <param index="0">
              <value>
                <![CDATA[Sales]]>
              </value>
            </param>
            <param index="1">
              <value>
                <![CDATA[Catalog]]>
              </value>
            </param>
          </params>
          <reporter-output>
          </reporter-output>
        </test-method> <!-- sendForApproval -->
      </class> <!-- com.source.classes.purchaseorderrequests.sendforapproval.PorSendForApprovalTest -->
    </test> <!-- Purchase Order Request Send For Approval -->
    <test started-at="2025-05-03T00:35:00 IST" name="Purchase Order Request Reject" finished-at="2025-05-03T00:35:00 IST" duration-ms="3">
      <class name="com.source.classes.purchaseorderrequests.reject.PorRejectTest">
        <test-method is-config="true" signature="setUp()[pri:0, instance:com.source.classes.purchaseorderrequests.reject.PorRejectTest@54afd745]" started-at="2025-05-03T00:35:00 IST" name="setUp" finished-at="2025-05-03T00:35:00 IST" duration-ms="1" status="PASS">
          <reporter-output>
          </reporter-output>
        </test-method> <!-- setUp -->
        <test-method signature="reject(java.lang.String,java.lang.String)[pri:0, instance:com.source.classes.purchaseorderrequests.reject.PorRejectTest@54afd745]" started-at="2025-05-03T00:35:00 IST" name="reject" finished-at="2025-05-03T00:35:00 IST" duration-ms="1" status="PASS">
          <params>
            <param index="0">
              <value>
                <![CDATA[Sales]]>
              </value>
            </param>
            <param index="1">
              <value>
                <![CDATA[Catalog]]>
              </value>
            </param>
          </params>
          <reporter-output>
          </reporter-output>
        </test-method> <!-- reject -->
      </class> <!-- com.source.classes.purchaseorderrequests.reject.PorRejectTest -->
    </test> <!-- Purchase Order Request Reject -->
    <test started-at="2025-05-03T00:35:00 IST" name="Purchase Order Request Approve" finished-at="2025-05-03T00:35:00 IST" duration-ms="4">
      <class name="com.source.classes.purchaseorderrequests.approve.PorApproveTest">
        <test-method is-config="true" signature="setUp()[pri:0, instance:com.source.classes.purchaseorderrequests.approve.PorApproveTest@c00fff0]" started-at="2025-05-03T00:35:00 IST" name="setUp" finished-at="2025-05-03T00:35:00 IST" duration-ms="1" status="PASS">
          <reporter-output>
          </reporter-output>
        </test-method> <!-- setUp -->
        <test-method signature="approvalAndApprove(java.lang.String,java.lang.String)[pri:0, instance:com.source.classes.purchaseorderrequests.approve.PorApproveTest@c00fff0]" started-at="2025-05-03T00:35:00 IST" name="approvalAndApprove" finished-at="2025-05-03T00:35:00 IST" duration-ms="2" status="PASS">
          <params>
            <param index="0">
              <value>
                <![CDATA[Sales]]>
              </value>
            </param>
            <param index="1">
              <value>
                <![CDATA[Catalog]]>
              </value>
            </param>
          </params>
          <reporter-output>
          </reporter-output>
        </test-method> <!-- approvalAndApprove -->
      </class> <!-- com.source.classes.purchaseorderrequests.approve.PorApproveTest -->
    </test> <!-- Purchase Order Request Approve -->
    <test started-at="2025-05-03T00:35:00 IST" name="Purchase Order Send For Vendor" finished-at="2025-05-03T00:35:00 IST" duration-ms="3">
      <class name="com.source.classes.purchaseorders.PoSendForVendorTest">
        <test-method is-config="true" signature="globalSetup()[pri:0, instance:com.source.classes.purchaseorders.PoSendForVendorTest@5a021cb9]" started-at="2025-05-03T00:34:58 IST" name="globalSetup" finished-at="2025-05-03T00:35:00 IST" duration-ms="1641" status="PASS">
          <reporter-output>
          </reporter-output>
        </test-method> <!-- globalSetup -->
        <test-method is-config="true" signature="setUp()[pri:0, instance:com.source.classes.purchaseorders.PoSendForVendorTest@5a021cb9]" started-at="2025-05-03T00:35:00 IST" name="setUp" finished-at="2025-05-03T00:35:00 IST" duration-ms="0" status="PASS">
          <reporter-output>
          </reporter-output>
        </test-method> <!-- setUp -->
        <test-method signature="sendForVendor(java.lang.String,java.lang.String)[pri:0, instance:com.source.classes.purchaseorders.PoSendForVendorTest@5a021cb9]" started-at="2025-05-03T00:35:00 IST" name="sendForVendor" finished-at="2025-05-03T00:35:00 IST" duration-ms="1" status="PASS">
          <params>
            <param index="0">
              <value>
                <![CDATA[Sales]]>
              </value>
            </param>
            <param index="1">
              <value>
                <![CDATA[Catalog]]>
              </value>
            </param>
          </params>
          <reporter-output>
          </reporter-output>
        </test-method> <!-- sendForVendor -->
        <test-method is-config="true" signature="globalTearDown()[pri:0, instance:com.source.classes.purchaseorders.PoSendForVendorTest@5a021cb9]" started-at="2025-05-03T00:35:00 IST" name="globalTearDown" finished-at="2025-05-03T00:35:00 IST" duration-ms="2" status="PASS">
          <reporter-output>
          </reporter-output>
        </test-method> <!-- globalTearDown -->
      </class> <!-- com.source.classes.purchaseorders.PoSendForVendorTest -->
    </test> <!-- Purchase Order Send For Vendor -->
  </suite> <!-- GePS-HOPES_YEA SALES Catalog Test Cases -->
</testng-results>
